2020-03-11 18:23:35 [31.180.133.104][-][-][info][yii\filters\RateLimiter::beforeAction] Rate limit skipped: user not logged in.
2020-03-11 18:23:35 [31.180.133.104][-][-][info][yii\db\Command::query] SHOW FULL COLUMNS FROM `users`
    in /www/rest/htdocs/controllers/UserController.php:176
2020-03-11 18:23:35 [31.180.133.104][-][-][info][yii\db\Connection::open] Opening DB connection: mysql:host=localhost;dbname=rest
    in /www/rest/htdocs/controllers/UserController.php:176
2020-03-11 18:23:35 [31.180.133.104][-][-][info][yii\db\Command::query] SELECT
    kcu.constraint_name,
    kcu.column_name,
    kcu.referenced_table_name,
    kcu.referenced_column_name
FROM information_schema.referential_constraints AS rc
JOIN information_schema.key_column_usage AS kcu ON
    (
        kcu.constraint_catalog = rc.constraint_catalog OR
        (kcu.constraint_catalog IS NULL AND rc.constraint_catalog IS NULL)
    ) AND
    kcu.constraint_schema = rc.constraint_schema AND
    kcu.constraint_name = rc.constraint_name
WHERE rc.constraint_schema = database() AND kcu.table_schema = database()
AND rc.table_name = 'users' AND kcu.table_name = 'users'
    in /www/rest/htdocs/controllers/UserController.php:176
2020-03-11 18:23:35 [31.180.133.104][-][-][info][yii\db\Command::query] SELECT * FROM `users` WHERE `email`='ghettogopnik1703@gmail.com'
    in /www/rest/htdocs/controllers/UserController.php:176
2020-03-11 18:23:35 [31.180.133.104][-][-][error][micro\controllers\UserController::actionSignupWeb] User exist
    in /www/rest/htdocs/controllers/UserController.php:206
2020-03-11 18:23:35 [31.180.133.104][-][-][info][application] $_GET = [
    'email' => 'max_napedenin1998@mail.ru'
    'password' => '1234'
]

$_POST = [
    'password' => '123'
    'email' => 'ghettogopnik1703@gmail.com'
]

$_FILES = []

$_COOKIE = []

$_SERVER = [
    'USER' => 'nginx'
    'HOME' => '/var/lib/nginx'
    'HTTP_CONNECTION' => 'keep-alive'
    'HTTP_CONTENT_LENGTH' => '296'
    'HTTP_ACCEPT_ENCODING' => 'gzip, deflate, br'
    'HTTP_CONTENT_TYPE' => 'multipart/form-data; boundary=--------------------------458598168508104974703008'
    'HTTP_HOST' => 'rest.fokin-team.ru'
    'HTTP_POSTMAN_TOKEN' => 'e3c33c91-542c-48f7-a4c4-f73130ffedc3'
    'HTTP_CACHE_CONTROL' => 'no-cache'
    'HTTP_ACCEPT' => '*/*'
    'HTTP_USER_AGENT' => 'PostmanRuntime/7.23.0'
    'REDIRECT_STATUS' => '200'
    'SERVER_NAME' => 'rest.fokin-team.ru'
    'SERVER_PORT' => '80'
    'SERVER_ADDR' => '45.86.180.151'
    'REMOTE_PORT' => '50076'
    'REMOTE_ADDR' => '31.180.133.104'
    'SERVER_SOFTWARE' => 'nginx/1.16.1'
    'GATEWAY_INTERFACE' => 'CGI/1.1'
    'REQUEST_SCHEME' => 'http'
    'SERVER_PROTOCOL' => 'HTTP/1.1'
    'DOCUMENT_ROOT' => '/www/rest/htdocs/web'
    'DOCUMENT_URI' => '/index.php'
    'REQUEST_URI' => '/user/signup-web?email=max_napedenin1998@mail.ru&password=1234'
    'SCRIPT_NAME' => '/index.php'
    'CONTENT_LENGTH' => '296'
    'CONTENT_TYPE' => 'multipart/form-data; boundary=--------------------------458598168508104974703008'
    'REQUEST_METHOD' => 'POST'
    'QUERY_STRING' => 'email=max_napedenin1998@mail.ru&password=1234'
    'SCRIPT_FILENAME' => '/www/rest/htdocs/web/index.php'
    'FCGI_ROLE' => 'RESPONDER'
    'PHP_SELF' => '/index.php'
    'REQUEST_TIME_FLOAT' => 1583951015.1887
    'REQUEST_TIME' => 1583951015
]
2020-03-11 18:24:22 [31.180.133.104][-][-][info][yii\filters\RateLimiter::beforeAction] Rate limit skipped: user not logged in.
2020-03-11 18:24:22 [31.180.133.104][-][-][info][yii\db\Command::query] SHOW FULL COLUMNS FROM `users`
    in /www/rest/htdocs/controllers/UserController.php:176
2020-03-11 18:24:22 [31.180.133.104][-][-][info][yii\db\Connection::open] Opening DB connection: mysql:host=localhost;dbname=rest
    in /www/rest/htdocs/controllers/UserController.php:176
2020-03-11 18:24:22 [31.180.133.104][-][-][info][yii\db\Command::query] SELECT
    kcu.constraint_name,
    kcu.column_name,
    kcu.referenced_table_name,
    kcu.referenced_column_name
FROM information_schema.referential_constraints AS rc
JOIN information_schema.key_column_usage AS kcu ON
    (
        kcu.constraint_catalog = rc.constraint_catalog OR
        (kcu.constraint_catalog IS NULL AND rc.constraint_catalog IS NULL)
    ) AND
    kcu.constraint_schema = rc.constraint_schema AND
    kcu.constraint_name = rc.constraint_name
WHERE rc.constraint_schema = database() AND kcu.table_schema = database()
AND rc.table_name = 'users' AND kcu.table_name = 'users'
    in /www/rest/htdocs/controllers/UserController.php:176
2020-03-11 18:24:22 [31.180.133.104][-][-][info][yii\db\Command::query] SELECT * FROM `users` WHERE `email`='max_napedenin1998@mail.ru'
    in /www/rest/htdocs/controllers/UserController.php:176
2020-03-11 18:24:22 [31.180.133.104][-][-][info][yii\db\Command::execute] INSERT INTO `users` (`email`, `password`, `signup_token`) VALUES ('max_napedenin1998@mail.ru', '$2y$10$2B7t68lSSadUJPgDu2oVbOl3XH6mAtoAV5Ix2SrUP1unXU2kAiqeK', '5e692cd65d922')
    in /www/rest/htdocs/controllers/UserController.php:186
2020-03-11 18:24:22 [31.180.133.104][-][-][info][micro\controllers\UserController::actionSignupWeb] User registration
    in /www/rest/htdocs/controllers/UserController.php:198
2020-03-11 18:24:22 [31.180.133.104][-][-][info][yii\mail\BaseMailer::send] Sending email "Подтверждение аккаунта" to "max_napedenin1998@mail.ru"
    in /www/rest/htdocs/controllers/UserController.php:201
2020-03-11 18:24:22 [31.180.133.104][-][-][info][yii\swiftmailer\Mailer::sendMessage] Sending email "Подтверждение аккаунта" to "max_napedenin1998@mail.ru"
    in /www/rest/htdocs/controllers/UserController.php:201
2020-03-11 18:24:22 [31.180.133.104][-][-][info][application] $_GET = [
    'email' => 'max_napedenin1998@mail.ru'
    'password' => '1234'
]

$_POST = [
    'password' => '123'
    'email' => 'max_napedenin1998@mail.ru'
]

$_FILES = []

$_COOKIE = []

$_SERVER = [
    'USER' => 'nginx'
    'HOME' => '/var/lib/nginx'
    'HTTP_CONNECTION' => 'keep-alive'
    'HTTP_CONTENT_LENGTH' => '295'
    'HTTP_ACCEPT_ENCODING' => 'gzip, deflate, br'
    'HTTP_CONTENT_TYPE' => 'multipart/form-data; boundary=--------------------------084377795349415045709201'
    'HTTP_HOST' => 'rest.fokin-team.ru'
    'HTTP_POSTMAN_TOKEN' => '0a31a3bc-c2d9-4f08-bf52-0725b3247d74'
    'HTTP_CACHE_CONTROL' => 'no-cache'
    'HTTP_ACCEPT' => '*/*'
    'HTTP_USER_AGENT' => 'PostmanRuntime/7.23.0'
    'REDIRECT_STATUS' => '200'
    'SERVER_NAME' => 'rest.fokin-team.ru'
    'SERVER_PORT' => '80'
    'SERVER_ADDR' => '45.86.180.151'
    'REMOTE_PORT' => '50076'
    'REMOTE_ADDR' => '31.180.133.104'
    'SERVER_SOFTWARE' => 'nginx/1.16.1'
    'GATEWAY_INTERFACE' => 'CGI/1.1'
    'REQUEST_SCHEME' => 'http'
    'SERVER_PROTOCOL' => 'HTTP/1.1'
    'DOCUMENT_ROOT' => '/www/rest/htdocs/web'
    'DOCUMENT_URI' => '/index.php'
    'REQUEST_URI' => '/user/signup-web?email=max_napedenin1998@mail.ru&password=1234'
    'SCRIPT_NAME' => '/index.php'
    'CONTENT_LENGTH' => '295'
    'CONTENT_TYPE' => 'multipart/form-data; boundary=--------------------------084377795349415045709201'
    'REQUEST_METHOD' => 'POST'
    'QUERY_STRING' => 'email=max_napedenin1998@mail.ru&password=1234'
    'SCRIPT_FILENAME' => '/www/rest/htdocs/web/index.php'
    'FCGI_ROLE' => 'RESPONDER'
    'PHP_SELF' => '/index.php'
    'REQUEST_TIME_FLOAT' => 1583951062.2865
    'REQUEST_TIME' => 1583951062
]
2020-03-11 18:25:43 [31.180.133.104][-][-][info][yii\filters\RateLimiter::beforeAction] Rate limit skipped: user not logged in.
2020-03-11 18:25:44 [31.180.133.104][-][-][info][yii\db\Command::query] SHOW FULL COLUMNS FROM `users`
    in /www/rest/htdocs/controllers/UserController.php:176
2020-03-11 18:25:44 [31.180.133.104][-][-][info][yii\db\Connection::open] Opening DB connection: mysql:host=localhost;dbname=rest
    in /www/rest/htdocs/controllers/UserController.php:176
2020-03-11 18:25:44 [31.180.133.104][-][-][info][yii\db\Command::query] SELECT
    kcu.constraint_name,
    kcu.column_name,
    kcu.referenced_table_name,
    kcu.referenced_column_name
FROM information_schema.referential_constraints AS rc
JOIN information_schema.key_column_usage AS kcu ON
    (
        kcu.constraint_catalog = rc.constraint_catalog OR
        (kcu.constraint_catalog IS NULL AND rc.constraint_catalog IS NULL)
    ) AND
    kcu.constraint_schema = rc.constraint_schema AND
    kcu.constraint_name = rc.constraint_name
WHERE rc.constraint_schema = database() AND kcu.table_schema = database()
AND rc.table_name = 'users' AND kcu.table_name = 'users'
    in /www/rest/htdocs/controllers/UserController.php:176
2020-03-11 18:25:44 [31.180.133.104][-][-][info][yii\db\Command::query] SELECT * FROM `users` WHERE `email`='ist-161_414656@volsu.ru'
    in /www/rest/htdocs/controllers/UserController.php:176
2020-03-11 18:25:44 [31.180.133.104][-][-][info][yii\db\Command::execute] INSERT INTO `users` (`email`, `password`, `signup_token`) VALUES ('ist-161_414656@volsu.ru', '$2y$10$cU3GnA7oA5r6iTR4QiMUo.pZgmE5fIV6pmXkoGyLO2sgKuyrsfaOa', '5e692d280fc90')
    in /www/rest/htdocs/controllers/UserController.php:186
2020-03-11 18:25:44 [31.180.133.104][-][-][info][micro\controllers\UserController::actionSignupWeb] User registration
    in /www/rest/htdocs/controllers/UserController.php:198
2020-03-11 18:25:44 [31.180.133.104][-][-][info][yii\mail\BaseMailer::send] Sending email "Подтверждение аккаунта" to "ist-161_414656@volsu.ru"
    in /www/rest/htdocs/controllers/UserController.php:201
2020-03-11 18:25:44 [31.180.133.104][-][-][info][yii\swiftmailer\Mailer::sendMessage] Sending email "Подтверждение аккаунта" to "ist-161_414656@volsu.ru"
    in /www/rest/htdocs/controllers/UserController.php:201
2020-03-11 18:25:43 [31.180.133.104][-][-][info][application] $_GET = [
    'email' => 'max_napedenin1998@mail.ru'
    'password' => '1234'
]

$_POST = [
    'password' => '123'
    'email' => 'ist-161_414656@volsu.ru'
]

$_FILES = []

$_COOKIE = []

$_SERVER = [
    'USER' => 'nginx'
    'HOME' => '/var/lib/nginx'
    'HTTP_CONNECTION' => 'keep-alive'
    'HTTP_CONTENT_LENGTH' => '293'
    'HTTP_ACCEPT_ENCODING' => 'gzip, deflate, br'
    'HTTP_CONTENT_TYPE' => 'multipart/form-data; boundary=--------------------------327149747802749053460672'
    'HTTP_HOST' => 'rest.fokin-team.ru'
    'HTTP_POSTMAN_TOKEN' => 'b1f2cbf9-5e57-4aa3-8a55-d81506e6a260'
    'HTTP_CACHE_CONTROL' => 'no-cache'
    'HTTP_ACCEPT' => '*/*'
    'HTTP_USER_AGENT' => 'PostmanRuntime/7.23.0'
    'REDIRECT_STATUS' => '200'
    'SERVER_NAME' => 'rest.fokin-team.ru'
    'SERVER_PORT' => '80'
    'SERVER_ADDR' => '45.86.180.151'
    'REMOTE_PORT' => '50236'
    'REMOTE_ADDR' => '31.180.133.104'
    'SERVER_SOFTWARE' => 'nginx/1.16.1'
    'GATEWAY_INTERFACE' => 'CGI/1.1'
    'REQUEST_SCHEME' => 'http'
    'SERVER_PROTOCOL' => 'HTTP/1.1'
    'DOCUMENT_ROOT' => '/www/rest/htdocs/web'
    'DOCUMENT_URI' => '/index.php'
    'REQUEST_URI' => '/user/signup-web?email=max_napedenin1998@mail.ru&password=1234'
    'SCRIPT_NAME' => '/index.php'
    'CONTENT_LENGTH' => '293'
    'CONTENT_TYPE' => 'multipart/form-data; boundary=--------------------------327149747802749053460672'
    'REQUEST_METHOD' => 'POST'
    'QUERY_STRING' => 'email=max_napedenin1998@mail.ru&password=1234'
    'SCRIPT_FILENAME' => '/www/rest/htdocs/web/index.php'
    'FCGI_ROLE' => 'RESPONDER'
    'PHP_SELF' => '/index.php'
    'REQUEST_TIME_FLOAT' => 1583951143.9696
    'REQUEST_TIME' => 1583951143
]
2020-03-11 18:39:47 [31.180.133.104][-][-][info][yii\filters\RateLimiter::beforeAction] Rate limit skipped: user not logged in.
2020-03-11 18:39:47 [31.180.133.104][-][-][info][yii\db\Command::query] SHOW FULL COLUMNS FROM `users`
    in /www/rest/htdocs/controllers/UserController.php:176
2020-03-11 18:39:47 [31.180.133.104][-][-][info][yii\db\Connection::open] Opening DB connection: mysql:host=localhost;dbname=rest
    in /www/rest/htdocs/controllers/UserController.php:176
2020-03-11 18:39:47 [31.180.133.104][-][-][info][yii\db\Command::query] SELECT
    kcu.constraint_name,
    kcu.column_name,
    kcu.referenced_table_name,
    kcu.referenced_column_name
FROM information_schema.referential_constraints AS rc
JOIN information_schema.key_column_usage AS kcu ON
    (
        kcu.constraint_catalog = rc.constraint_catalog OR
        (kcu.constraint_catalog IS NULL AND rc.constraint_catalog IS NULL)
    ) AND
    kcu.constraint_schema = rc.constraint_schema AND
    kcu.constraint_name = rc.constraint_name
WHERE rc.constraint_schema = database() AND kcu.table_schema = database()
AND rc.table_name = 'users' AND kcu.table_name = 'users'
    in /www/rest/htdocs/controllers/UserController.php:176
2020-03-11 18:39:47 [31.180.133.104][-][-][info][yii\db\Command::query] SELECT * FROM `users` WHERE `email`='nape.maxim@gmail.com'
    in /www/rest/htdocs/controllers/UserController.php:176
2020-03-11 18:39:47 [31.180.133.104][-][-][info][yii\db\Command::execute] INSERT INTO `users` (`email`, `password`, `signup_token`) VALUES ('nape.maxim@gmail.com', '$2y$10$NtmLbuUsQbBo7eAWrm5vFe7YM77N4o3L027NlNK95PaDZA5iHE/gS', '5e6930737d812')
    in /www/rest/htdocs/controllers/UserController.php:186
2020-03-11 18:39:47 [31.180.133.104][-][-][info][micro\controllers\UserController::actionSignupWeb] User registration
    in /www/rest/htdocs/controllers/UserController.php:198
2020-03-11 18:39:47 [31.180.133.104][-][-][info][yii\mail\BaseMailer::send] Sending email "Подтверждение аккаунта" to "nape.maxim@gmail.com"
    in /www/rest/htdocs/controllers/UserController.php:201
2020-03-11 18:39:47 [31.180.133.104][-][-][info][yii\swiftmailer\Mailer::sendMessage] Sending email "Подтверждение аккаунта" to "nape.maxim@gmail.com"
    in /www/rest/htdocs/controllers/UserController.php:201
2020-03-11 18:39:49 [31.180.133.104][-][-][error][Swift_TransportException] Swift_TransportException: Failed to authenticate on SMTP server with username "test.fokin.team@gmail.com" using 3 possible authenticators. Authenticator LOGIN returned Expected response code 235 but got code "535", with message "535-5.7.8 Username and Password not accepted. Learn more at
535 5.7.8  https://support.google.com/mail/?p=BadCredentials k4sm23209579ljk.12 - gsmtp
". Authenticator PLAIN returned Expected response code 235 but got code "535", with message "535-5.7.8 Username and Password not accepted. Learn more at
535 5.7.8  https://support.google.com/mail/?p=BadCredentials k4sm23209579ljk.12 - gsmtp
". Authenticator XOAUTH2 returned Expected response code 250 but got code "535", with message "535-5.7.8 Username and Password not accepted. Learn more at
535 5.7.8  https://support.google.com/mail/?p=BadCredentials k4sm23209579ljk.12 - gsmtp
". in /www/rest/htdocs/vendor/swiftmailer/swiftmailer/lib/classes/Swift/Transport/Esmtp/AuthHandler.php:191
Stack trace:
#0 /www/rest/htdocs/vendor/swiftmailer/swiftmailer/lib/classes/Swift/Transport/EsmtpTransport.php(371): Swift_Transport_Esmtp_AuthHandler->afterEhlo(Object(Swift_SmtpTransport))
#1 /www/rest/htdocs/vendor/swiftmailer/swiftmailer/lib/classes/Swift/Transport/AbstractSmtpTransport.php(148): Swift_Transport_EsmtpTransport->doHeloCommand()
#2 /www/rest/htdocs/vendor/yiisoft/yii2-swiftmailer/src/Mailer.php(113): Swift_Transport_AbstractSmtpTransport->start()
#3 /www/rest/htdocs/vendor/yiisoft/yii2-swiftmailer/src/Mailer.php(156): yii\swiftmailer\Mailer->getSwiftMailer()
#4 /www/rest/htdocs/vendor/yiisoft/yii2/mail/BaseMailer.php(263): yii\swiftmailer\Mailer->sendMessage(Object(yii\swiftmailer\Message))
#5 /www/rest/htdocs/vendor/yiisoft/yii2/mail/BaseMessage.php(49): yii\mail\BaseMailer->send(Object(yii\swiftmailer\Message))
#6 /www/rest/htdocs/controllers/UserController.php(201): yii\mail\BaseMessage->send()
#7 [internal function]: micro\controllers\UserController->actionSignupWeb()
#8 /www/rest/htdocs/vendor/yiisoft/yii2/base/InlineAction.php(57): call_user_func_array(Array, Array)
#9 /www/rest/htdocs/vendor/yiisoft/yii2/base/Controller.php(157): yii\base\InlineAction->runWithParams(Array)
#10 /www/rest/htdocs/vendor/yiisoft/yii2/base/Module.php(528): yii\base\Controller->runAction('signup-web', Array)
#11 /www/rest/htdocs/vendor/yiisoft/yii2/web/Application.php(103): yii\base\Module->runAction('user/signup-web', Array)
#12 /www/rest/htdocs/vendor/yiisoft/yii2/base/Application.php(386): yii\web\Application->handleRequest(Object(yii\web\Request))
#13 /www/rest/htdocs/web/index.php(17): yii\base\Application->run()
#14 {main}
2020-03-11 18:39:47 [31.180.133.104][-][-][info][application] $_GET = [
    'email' => 'max_napedenin1998@mail.ru'
    'password' => '1234'
]

$_POST = [
    'password' => '123'
    'email' => 'nape.maxim@gmail.com'
]

$_FILES = []

$_COOKIE = []

$_SERVER = [
    'USER' => 'nginx'
    'HOME' => '/var/lib/nginx'
    'HTTP_CONNECTION' => 'keep-alive'
    'HTTP_CONTENT_LENGTH' => '290'
    'HTTP_ACCEPT_ENCODING' => 'gzip, deflate, br'
    'HTTP_CONTENT_TYPE' => 'multipart/form-data; boundary=--------------------------698910744852971982967632'
    'HTTP_HOST' => 'rest.fokin-team.ru'
    'HTTP_POSTMAN_TOKEN' => '9927be46-5ab9-4f57-9629-9ee78e77d56a'
    'HTTP_CACHE_CONTROL' => 'no-cache'
    'HTTP_ACCEPT' => '*/*'
    'HTTP_USER_AGENT' => 'PostmanRuntime/7.23.0'
    'REDIRECT_STATUS' => '200'
    'SERVER_NAME' => 'rest.fokin-team.ru'
    'SERVER_PORT' => '80'
    'SERVER_ADDR' => '45.86.180.151'
    'REMOTE_PORT' => '50528'
    'REMOTE_ADDR' => '31.180.133.104'
    'SERVER_SOFTWARE' => 'nginx/1.16.1'
    'GATEWAY_INTERFACE' => 'CGI/1.1'
    'REQUEST_SCHEME' => 'http'
    'SERVER_PROTOCOL' => 'HTTP/1.1'
    'DOCUMENT_ROOT' => '/www/rest/htdocs/web'
    'DOCUMENT_URI' => '/index.php'
    'REQUEST_URI' => '/user/signup-web?email=max_napedenin1998@mail.ru&password=1234'
    'SCRIPT_NAME' => '/index.php'
    'CONTENT_LENGTH' => '290'
    'CONTENT_TYPE' => 'multipart/form-data; boundary=--------------------------698910744852971982967632'
    'REQUEST_METHOD' => 'POST'
    'QUERY_STRING' => 'email=max_napedenin1998@mail.ru&password=1234'
    'SCRIPT_FILENAME' => '/www/rest/htdocs/web/index.php'
    'FCGI_ROLE' => 'RESPONDER'
    'PHP_SELF' => '/index.php'
    'REQUEST_TIME_FLOAT' => 1583951987.4158
    'REQUEST_TIME' => 1583951987
]
2020-03-11 18:42:19 [31.180.133.104][-][-][info][yii\filters\RateLimiter::beforeAction] Rate limit skipped: user not logged in.
2020-03-11 18:42:19 [31.180.133.104][-][-][info][yii\db\Command::query] SHOW FULL COLUMNS FROM `users`
    in /www/rest/htdocs/controllers/UserController.php:176
2020-03-11 18:42:19 [31.180.133.104][-][-][info][yii\db\Connection::open] Opening DB connection: mysql:host=localhost;dbname=rest
    in /www/rest/htdocs/controllers/UserController.php:176
2020-03-11 18:42:19 [31.180.133.104][-][-][info][yii\db\Command::query] SELECT
    kcu.constraint_name,
    kcu.column_name,
    kcu.referenced_table_name,
    kcu.referenced_column_name
FROM information_schema.referential_constraints AS rc
JOIN information_schema.key_column_usage AS kcu ON
    (
        kcu.constraint_catalog = rc.constraint_catalog OR
        (kcu.constraint_catalog IS NULL AND rc.constraint_catalog IS NULL)
    ) AND
    kcu.constraint_schema = rc.constraint_schema AND
    kcu.constraint_name = rc.constraint_name
WHERE rc.constraint_schema = database() AND kcu.table_schema = database()
AND rc.table_name = 'users' AND kcu.table_name = 'users'
    in /www/rest/htdocs/controllers/UserController.php:176
2020-03-11 18:42:19 [31.180.133.104][-][-][info][yii\db\Command::query] SELECT * FROM `users` WHERE `email`='nape.maxim@gmail.com'
    in /www/rest/htdocs/controllers/UserController.php:176
2020-03-11 18:42:19 [31.180.133.104][-][-][info][yii\db\Command::execute] INSERT INTO `users` (`email`, `password`, `signup_token`) VALUES ('nape.maxim@gmail.com', '$2y$10$xwv09egiN6C1MSjsj1x9oOgYCTW53h9eaf/wekeWVoWhX9QXf/2ha', '5e69310bb0553')
    in /www/rest/htdocs/controllers/UserController.php:186
2020-03-11 18:42:19 [31.180.133.104][-][-][info][micro\controllers\UserController::actionSignupWeb] User registration
    in /www/rest/htdocs/controllers/UserController.php:198
2020-03-11 18:42:19 [31.180.133.104][-][-][info][yii\mail\BaseMailer::send] Sending email "Подтверждение аккаунта" to "nape.maxim@gmail.com"
    in /www/rest/htdocs/controllers/UserController.php:201
2020-03-11 18:42:19 [31.180.133.104][-][-][info][yii\swiftmailer\Mailer::sendMessage] Sending email "Подтверждение аккаунта" to "nape.maxim@gmail.com"
    in /www/rest/htdocs/controllers/UserController.php:201
2020-03-11 18:42:19 [31.180.133.104][-][-][info][application] $_GET = [
    'email' => 'max_napedenin1998@mail.ru'
    'password' => '1234'
]

$_POST = [
    'password' => '123'
    'email' => 'nape.maxim@gmail.com'
]

$_FILES = []

$_COOKIE = []

$_SERVER = [
    'USER' => 'nginx'
    'HOME' => '/var/lib/nginx'
    'HTTP_CONNECTION' => 'keep-alive'
    'HTTP_CONTENT_LENGTH' => '290'
    'HTTP_ACCEPT_ENCODING' => 'gzip, deflate, br'
    'HTTP_CONTENT_TYPE' => 'multipart/form-data; boundary=--------------------------342083624628985504081026'
    'HTTP_HOST' => 'rest.fokin-team.ru'
    'HTTP_POSTMAN_TOKEN' => 'ea6e513c-30a3-4a96-9009-624464268413'
    'HTTP_CACHE_CONTROL' => 'no-cache'
    'HTTP_ACCEPT' => '*/*'
    'HTTP_USER_AGENT' => 'PostmanRuntime/7.23.0'
    'REDIRECT_STATUS' => '200'
    'SERVER_NAME' => 'rest.fokin-team.ru'
    'SERVER_PORT' => '80'
    'SERVER_ADDR' => '45.86.180.151'
    'REMOTE_PORT' => '50554'
    'REMOTE_ADDR' => '31.180.133.104'
    'SERVER_SOFTWARE' => 'nginx/1.16.1'
    'GATEWAY_INTERFACE' => 'CGI/1.1'
    'REQUEST_SCHEME' => 'http'
    'SERVER_PROTOCOL' => 'HTTP/1.1'
    'DOCUMENT_ROOT' => '/www/rest/htdocs/web'
    'DOCUMENT_URI' => '/index.php'
    'REQUEST_URI' => '/user/signup-web?email=max_napedenin1998@mail.ru&password=1234'
    'SCRIPT_NAME' => '/index.php'
    'CONTENT_LENGTH' => '290'
    'CONTENT_TYPE' => 'multipart/form-data; boundary=--------------------------342083624628985504081026'
    'REQUEST_METHOD' => 'POST'
    'QUERY_STRING' => 'email=max_napedenin1998@mail.ru&password=1234'
    'SCRIPT_FILENAME' => '/www/rest/htdocs/web/index.php'
    'FCGI_ROLE' => 'RESPONDER'
    'PHP_SELF' => '/index.php'
    'REQUEST_TIME_FLOAT' => 1583952139.6163
    'REQUEST_TIME' => 1583952139
]
2020-03-11 18:42:37 [31.180.133.104][-][-][info][yii\filters\RateLimiter::beforeAction] Rate limit skipped: user not logged in.
2020-03-11 18:42:37 [31.180.133.104][-][-][info][yii\db\Command::query] SHOW FULL COLUMNS FROM `users`
    in /www/rest/htdocs/controllers/UserController.php:176
2020-03-11 18:42:37 [31.180.133.104][-][-][info][yii\db\Connection::open] Opening DB connection: mysql:host=localhost;dbname=rest
    in /www/rest/htdocs/controllers/UserController.php:176
2020-03-11 18:42:37 [31.180.133.104][-][-][info][yii\db\Command::query] SELECT
    kcu.constraint_name,
    kcu.column_name,
    kcu.referenced_table_name,
    kcu.referenced_column_name
FROM information_schema.referential_constraints AS rc
JOIN information_schema.key_column_usage AS kcu ON
    (
        kcu.constraint_catalog = rc.constraint_catalog OR
        (kcu.constraint_catalog IS NULL AND rc.constraint_catalog IS NULL)
    ) AND
    kcu.constraint_schema = rc.constraint_schema AND
    kcu.constraint_name = rc.constraint_name
WHERE rc.constraint_schema = database() AND kcu.table_schema = database()
AND rc.table_name = 'users' AND kcu.table_name = 'users'
    in /www/rest/htdocs/controllers/UserController.php:176
2020-03-11 18:42:37 [31.180.133.104][-][-][info][yii\db\Command::query] SELECT * FROM `users` WHERE `email`='max_napedenin@mail.ru'
    in /www/rest/htdocs/controllers/UserController.php:176
2020-03-11 18:42:37 [31.180.133.104][-][-][info][yii\db\Command::execute] INSERT INTO `users` (`email`, `password`, `signup_token`) VALUES ('max_napedenin@mail.ru', '$2y$10$jtINCkpB6cRpTfilrnirYuRXb4AxDOlC3gnksH6P8/yso1Nv1wT6C', '5e69311d492e2')
    in /www/rest/htdocs/controllers/UserController.php:186
2020-03-11 18:42:37 [31.180.133.104][-][-][info][micro\controllers\UserController::actionSignupWeb] User registration
    in /www/rest/htdocs/controllers/UserController.php:198
2020-03-11 18:42:37 [31.180.133.104][-][-][info][yii\mail\BaseMailer::send] Sending email "Подтверждение аккаунта" to "max_napedenin@mail.ru"
    in /www/rest/htdocs/controllers/UserController.php:201
2020-03-11 18:42:37 [31.180.133.104][-][-][info][yii\swiftmailer\Mailer::sendMessage] Sending email "Подтверждение аккаунта" to "max_napedenin@mail.ru"
    in /www/rest/htdocs/controllers/UserController.php:201
2020-03-11 18:42:37 [31.180.133.104][-][-][info][application] $_GET = [
    'email' => 'max_napedenin1998@mail.ru'
    'password' => '1234'
]

$_POST = [
    'password' => '123'
    'email' => 'max_napedenin@mail.ru'
]

$_FILES = []

$_COOKIE = []

$_SERVER = [
    'USER' => 'nginx'
    'HOME' => '/var/lib/nginx'
    'HTTP_CONNECTION' => 'keep-alive'
    'HTTP_CONTENT_LENGTH' => '291'
    'HTTP_ACCEPT_ENCODING' => 'gzip, deflate, br'
    'HTTP_CONTENT_TYPE' => 'multipart/form-data; boundary=--------------------------706229921954172850943591'
    'HTTP_HOST' => 'rest.fokin-team.ru'
    'HTTP_POSTMAN_TOKEN' => 'd68cd33b-9c0b-4d3d-adc9-b977e32b1398'
    'HTTP_CACHE_CONTROL' => 'no-cache'
    'HTTP_ACCEPT' => '*/*'
    'HTTP_USER_AGENT' => 'PostmanRuntime/7.23.0'
    'REDIRECT_STATUS' => '200'
    'SERVER_NAME' => 'rest.fokin-team.ru'
    'SERVER_PORT' => '80'
    'SERVER_ADDR' => '45.86.180.151'
    'REMOTE_PORT' => '50554'
    'REMOTE_ADDR' => '31.180.133.104'
    'SERVER_SOFTWARE' => 'nginx/1.16.1'
    'GATEWAY_INTERFACE' => 'CGI/1.1'
    'REQUEST_SCHEME' => 'http'
    'SERVER_PROTOCOL' => 'HTTP/1.1'
    'DOCUMENT_ROOT' => '/www/rest/htdocs/web'
    'DOCUMENT_URI' => '/index.php'
    'REQUEST_URI' => '/user/signup-web?email=max_napedenin1998@mail.ru&password=1234'
    'SCRIPT_NAME' => '/index.php'
    'CONTENT_LENGTH' => '291'
    'CONTENT_TYPE' => 'multipart/form-data; boundary=--------------------------706229921954172850943591'
    'REQUEST_METHOD' => 'POST'
    'QUERY_STRING' => 'email=max_napedenin1998@mail.ru&password=1234'
    'SCRIPT_FILENAME' => '/www/rest/htdocs/web/index.php'
    'FCGI_ROLE' => 'RESPONDER'
    'PHP_SELF' => '/index.php'
    'REQUEST_TIME_FLOAT' => 1583952157.204
    'REQUEST_TIME' => 1583952157
]
2020-03-11 18:43:32 [31.180.133.104][-][-][info][yii\filters\RateLimiter::beforeAction] Rate limit skipped: user not logged in.
2020-03-11 18:43:32 [31.180.133.104][-][-][info][yii\db\Command::query] SHOW FULL COLUMNS FROM `users`
    in /www/rest/htdocs/controllers/UserController.php:176
2020-03-11 18:43:32 [31.180.133.104][-][-][info][yii\db\Connection::open] Opening DB connection: mysql:host=localhost;dbname=rest
    in /www/rest/htdocs/controllers/UserController.php:176
2020-03-11 18:43:32 [31.180.133.104][-][-][info][yii\db\Command::query] SELECT
    kcu.constraint_name,
    kcu.column_name,
    kcu.referenced_table_name,
    kcu.referenced_column_name
FROM information_schema.referential_constraints AS rc
JOIN information_schema.key_column_usage AS kcu ON
    (
        kcu.constraint_catalog = rc.constraint_catalog OR
        (kcu.constraint_catalog IS NULL AND rc.constraint_catalog IS NULL)
    ) AND
    kcu.constraint_schema = rc.constraint_schema AND
    kcu.constraint_name = rc.constraint_name
WHERE rc.constraint_schema = database() AND kcu.table_schema = database()
AND rc.table_name = 'users' AND kcu.table_name = 'users'
    in /www/rest/htdocs/controllers/UserController.php:176
2020-03-11 18:43:32 [31.180.133.104][-][-][info][yii\db\Command::query] SELECT * FROM `users` WHERE `email`='max_napedenin1998@mail.ru'
    in /www/rest/htdocs/controllers/UserController.php:176
2020-03-11 18:43:32 [31.180.133.104][-][-][info][yii\db\Command::execute] INSERT INTO `users` (`email`, `password`, `signup_token`) VALUES ('max_napedenin1998@mail.ru', '$2y$10$DrlBBnd4rwVojNdr1WlkcebLHh9d79bb7TI.BUua5NaNinTKeMUfm', '5e69315495570')
    in /www/rest/htdocs/controllers/UserController.php:186
2020-03-11 18:43:32 [31.180.133.104][-][-][info][micro\controllers\UserController::actionSignupWeb] User registration
    in /www/rest/htdocs/controllers/UserController.php:198
2020-03-11 18:43:32 [31.180.133.104][-][-][info][yii\mail\BaseMailer::send] Sending email "Подтверждение аккаунта" to "max_napedenin1998@mail.ru"
    in /www/rest/htdocs/controllers/UserController.php:201
2020-03-11 18:43:32 [31.180.133.104][-][-][info][yii\swiftmailer\Mailer::sendMessage] Sending email "Подтверждение аккаунта" to "max_napedenin1998@mail.ru"
    in /www/rest/htdocs/controllers/UserController.php:201
2020-03-11 18:43:32 [31.180.133.104][-][-][info][application] $_GET = [
    'email' => 'max_napedenin1998@mail.ru'
    'password' => '1234'
]

$_POST = [
    'password' => '123'
    'email' => 'max_napedenin1998@mail.ru'
]

$_FILES = []

$_COOKIE = []

$_SERVER = [
    'USER' => 'nginx'
    'HOME' => '/var/lib/nginx'
    'HTTP_CONNECTION' => 'keep-alive'
    'HTTP_CONTENT_LENGTH' => '295'
    'HTTP_ACCEPT_ENCODING' => 'gzip, deflate, br'
    'HTTP_CONTENT_TYPE' => 'multipart/form-data; boundary=--------------------------907869653328235237294914'
    'HTTP_HOST' => 'rest.fokin-team.ru'
    'HTTP_POSTMAN_TOKEN' => 'c6271ca3-b540-47e1-9b31-57f6bd29975c'
    'HTTP_CACHE_CONTROL' => 'no-cache'
    'HTTP_ACCEPT' => '*/*'
    'HTTP_USER_AGENT' => 'PostmanRuntime/7.23.0'
    'REDIRECT_STATUS' => '200'
    'SERVER_NAME' => 'rest.fokin-team.ru'
    'SERVER_PORT' => '80'
    'SERVER_ADDR' => '45.86.180.151'
    'REMOTE_PORT' => '50554'
    'REMOTE_ADDR' => '31.180.133.104'
    'SERVER_SOFTWARE' => 'nginx/1.16.1'
    'GATEWAY_INTERFACE' => 'CGI/1.1'
    'REQUEST_SCHEME' => 'http'
    'SERVER_PROTOCOL' => 'HTTP/1.1'
    'DOCUMENT_ROOT' => '/www/rest/htdocs/web'
    'DOCUMENT_URI' => '/index.php'
    'REQUEST_URI' => '/user/signup-web?email=max_napedenin1998@mail.ru&password=1234'
    'SCRIPT_NAME' => '/index.php'
    'CONTENT_LENGTH' => '295'
    'CONTENT_TYPE' => 'multipart/form-data; boundary=--------------------------907869653328235237294914'
    'REQUEST_METHOD' => 'POST'
    'QUERY_STRING' => 'email=max_napedenin1998@mail.ru&password=1234'
    'SCRIPT_FILENAME' => '/www/rest/htdocs/web/index.php'
    'FCGI_ROLE' => 'RESPONDER'
    'PHP_SELF' => '/index.php'
    'REQUEST_TIME_FLOAT' => 1583952212.5147
    'REQUEST_TIME' => 1583952212
]
2020-03-11 18:44:26 [31.180.133.104][-][-][info][yii\filters\RateLimiter::beforeAction] Rate limit skipped: user not logged in.
2020-03-11 18:44:27 [31.180.133.104][-][-][info][yii\db\Command::query] SHOW FULL COLUMNS FROM `users`
    in /www/rest/htdocs/controllers/UserController.php:176
2020-03-11 18:44:27 [31.180.133.104][-][-][info][yii\db\Connection::open] Opening DB connection: mysql:host=localhost;dbname=rest
    in /www/rest/htdocs/controllers/UserController.php:176
2020-03-11 18:44:27 [31.180.133.104][-][-][info][yii\db\Command::query] SELECT
    kcu.constraint_name,
    kcu.column_name,
    kcu.referenced_table_name,
    kcu.referenced_column_name
FROM information_schema.referential_constraints AS rc
JOIN information_schema.key_column_usage AS kcu ON
    (
        kcu.constraint_catalog = rc.constraint_catalog OR
        (kcu.constraint_catalog IS NULL AND rc.constraint_catalog IS NULL)
    ) AND
    kcu.constraint_schema = rc.constraint_schema AND
    kcu.constraint_name = rc.constraint_name
WHERE rc.constraint_schema = database() AND kcu.table_schema = database()
AND rc.table_name = 'users' AND kcu.table_name = 'users'
    in /www/rest/htdocs/controllers/UserController.php:176
2020-03-11 18:44:27 [31.180.133.104][-][-][info][yii\db\Command::query] SELECT * FROM `users` WHERE `email`='ghettogopnik1703@gmail.com'
    in /www/rest/htdocs/controllers/UserController.php:176
2020-03-11 18:44:27 [31.180.133.104][-][-][info][yii\db\Command::execute] INSERT INTO `users` (`email`, `password`, `signup_token`) VALUES ('ghettogopnik1703@gmail.com', '$2y$10$.HZLrmNe3j3xtVF0YmNzee1l0KPqaOgWtMWyHgiFPfaO2LfMl3MfW', '5e69318b06391')
    in /www/rest/htdocs/controllers/UserController.php:186
2020-03-11 18:44:27 [31.180.133.104][-][-][info][micro\controllers\UserController::actionSignupWeb] User registration
    in /www/rest/htdocs/controllers/UserController.php:198
2020-03-11 18:44:27 [31.180.133.104][-][-][info][yii\mail\BaseMailer::send] Sending email "Подтверждение аккаунта" to "ghettogopnik1703@gmail.com"
    in /www/rest/htdocs/controllers/UserController.php:201
2020-03-11 18:44:27 [31.180.133.104][-][-][info][yii\swiftmailer\Mailer::sendMessage] Sending email "Подтверждение аккаунта" to "ghettogopnik1703@gmail.com"
    in /www/rest/htdocs/controllers/UserController.php:201
2020-03-11 18:44:26 [31.180.133.104][-][-][info][application] $_GET = [
    'email' => 'max_napedenin1998@mail.ru'
    'password' => '1234'
]

$_POST = [
    'password' => '123'
    'email' => 'ghettogopnik1703@gmail.com'
]

$_FILES = []

$_COOKIE = []

$_SERVER = [
    'USER' => 'nginx'
    'HOME' => '/var/lib/nginx'
    'HTTP_CONNECTION' => 'keep-alive'
    'HTTP_CONTENT_LENGTH' => '296'
    'HTTP_ACCEPT_ENCODING' => 'gzip, deflate, br'
    'HTTP_CONTENT_TYPE' => 'multipart/form-data; boundary=--------------------------148451674213553390019353'
    'HTTP_HOST' => 'rest.fokin-team.ru'
    'HTTP_POSTMAN_TOKEN' => 'dfa0dcb5-1de3-46f0-babc-c7e5a2a47e62'
    'HTTP_CACHE_CONTROL' => 'no-cache'
    'HTTP_ACCEPT' => '*/*'
    'HTTP_USER_AGENT' => 'PostmanRuntime/7.23.0'
    'REDIRECT_STATUS' => '200'
    'SERVER_NAME' => 'rest.fokin-team.ru'
    'SERVER_PORT' => '80'
    'SERVER_ADDR' => '45.86.180.151'
    'REMOTE_PORT' => '50554'
    'REMOTE_ADDR' => '31.180.133.104'
    'SERVER_SOFTWARE' => 'nginx/1.16.1'
    'GATEWAY_INTERFACE' => 'CGI/1.1'
    'REQUEST_SCHEME' => 'http'
    'SERVER_PROTOCOL' => 'HTTP/1.1'
    'DOCUMENT_ROOT' => '/www/rest/htdocs/web'
    'DOCUMENT_URI' => '/index.php'
    'REQUEST_URI' => '/user/signup-web?email=max_napedenin1998@mail.ru&password=1234'
    'SCRIPT_NAME' => '/index.php'
    'CONTENT_LENGTH' => '296'
    'CONTENT_TYPE' => 'multipart/form-data; boundary=--------------------------148451674213553390019353'
    'REQUEST_METHOD' => 'POST'
    'QUERY_STRING' => 'email=max_napedenin1998@mail.ru&password=1234'
    'SCRIPT_FILENAME' => '/www/rest/htdocs/web/index.php'
    'FCGI_ROLE' => 'RESPONDER'
    'PHP_SELF' => '/index.php'
    'REQUEST_TIME_FLOAT' => 1583952266.9296
    'REQUEST_TIME' => 1583952266
]
2020-03-11 18:45:55 [31.180.133.104][-][-][info][yii\filters\RateLimiter::beforeAction] Rate limit skipped: user not logged in.
2020-03-11 18:45:55 [31.180.133.104][-][-][info][yii\db\Command::query] SHOW FULL COLUMNS FROM `users`
    in /www/rest/htdocs/controllers/UserController.php:176
2020-03-11 18:45:55 [31.180.133.104][-][-][info][yii\db\Connection::open] Opening DB connection: mysql:host=localhost;dbname=rest
    in /www/rest/htdocs/controllers/UserController.php:176
2020-03-11 18:45:55 [31.180.133.104][-][-][info][yii\db\Command::query] SELECT
    kcu.constraint_name,
    kcu.column_name,
    kcu.referenced_table_name,
    kcu.referenced_column_name
FROM information_schema.referential_constraints AS rc
JOIN information_schema.key_column_usage AS kcu ON
    (
        kcu.constraint_catalog = rc.constraint_catalog OR
        (kcu.constraint_catalog IS NULL AND rc.constraint_catalog IS NULL)
    ) AND
    kcu.constraint_schema = rc.constraint_schema AND
    kcu.constraint_name = rc.constraint_name
WHERE rc.constraint_schema = database() AND kcu.table_schema = database()
AND rc.table_name = 'users' AND kcu.table_name = 'users'
    in /www/rest/htdocs/controllers/UserController.php:176
2020-03-11 18:45:55 [31.180.133.104][-][-][info][yii\db\Command::query] SELECT * FROM `users` WHERE `email`='max_napedenin1998@mail.ru'
    in /www/rest/htdocs/controllers/UserController.php:176
2020-03-11 18:45:55 [31.180.133.104][-][-][info][yii\db\Command::execute] INSERT INTO `users` (`email`, `password`, `signup_token`) VALUES ('max_napedenin1998@mail.ru', '$2y$10$jd7LL7mkdy4JOw09k864JexdnchbN1JDijsBK9Tfkn288GRrXqx/.', '5e6931e329a70')
    in /www/rest/htdocs/controllers/UserController.php:186
2020-03-11 18:45:55 [31.180.133.104][-][-][info][micro\controllers\UserController::actionSignupWeb] User registration
    in /www/rest/htdocs/controllers/UserController.php:198
2020-03-11 18:45:55 [31.180.133.104][-][-][info][yii\mail\BaseMailer::send] Sending email "Подтверждение аккаунта" to "max_napedenin1998@mail.ru"
    in /www/rest/htdocs/controllers/UserController.php:201
2020-03-11 18:45:55 [31.180.133.104][-][-][info][yii\swiftmailer\Mailer::sendMessage] Sending email "Подтверждение аккаунта" to "max_napedenin1998@mail.ru"
    in /www/rest/htdocs/controllers/UserController.php:201
2020-03-11 18:45:55 [31.180.133.104][-][-][info][application] $_GET = [
    'email' => 'max_napedenin1998@mail.ru'
    'password' => '1234'
]

$_POST = [
    'password' => '123'
    'email' => 'max_napedenin1998@mail.ru'
]

$_FILES = []

$_COOKIE = []

$_SERVER = [
    'USER' => 'nginx'
    'HOME' => '/var/lib/nginx'
    'HTTP_CONNECTION' => 'keep-alive'
    'HTTP_CONTENT_LENGTH' => '295'
    'HTTP_ACCEPT_ENCODING' => 'gzip, deflate, br'
    'HTTP_CONTENT_TYPE' => 'multipart/form-data; boundary=--------------------------145355141156354454112621'
    'HTTP_HOST' => 'rest.fokin-team.ru'
    'HTTP_POSTMAN_TOKEN' => '4a86b6ab-c110-4757-ac9f-dc424414373b'
    'HTTP_CACHE_CONTROL' => 'no-cache'
    'HTTP_ACCEPT' => '*/*'
    'HTTP_USER_AGENT' => 'PostmanRuntime/7.23.0'
    'REDIRECT_STATUS' => '200'
    'SERVER_NAME' => 'rest.fokin-team.ru'
    'SERVER_PORT' => '80'
    'SERVER_ADDR' => '45.86.180.151'
    'REMOTE_PORT' => '50697'
    'REMOTE_ADDR' => '31.180.133.104'
    'SERVER_SOFTWARE' => 'nginx/1.16.1'
    'GATEWAY_INTERFACE' => 'CGI/1.1'
    'REQUEST_SCHEME' => 'http'
    'SERVER_PROTOCOL' => 'HTTP/1.1'
    'DOCUMENT_ROOT' => '/www/rest/htdocs/web'
    'DOCUMENT_URI' => '/index.php'
    'REQUEST_URI' => '/user/signup-web?email=max_napedenin1998@mail.ru&password=1234'
    'SCRIPT_NAME' => '/index.php'
    'CONTENT_LENGTH' => '295'
    'CONTENT_TYPE' => 'multipart/form-data; boundary=--------------------------145355141156354454112621'
    'REQUEST_METHOD' => 'POST'
    'QUERY_STRING' => 'email=max_napedenin1998@mail.ru&password=1234'
    'SCRIPT_FILENAME' => '/www/rest/htdocs/web/index.php'
    'FCGI_ROLE' => 'RESPONDER'
    'PHP_SELF' => '/index.php'
    'REQUEST_TIME_FLOAT' => 1583952355.074
    'REQUEST_TIME' => 1583952355
]
2020-03-11 18:48:45 [31.180.133.104][-][-][info][yii\filters\RateLimiter::beforeAction] Rate limit skipped: user not logged in.
2020-03-11 18:48:45 [31.180.133.104][-][-][info][yii\db\Command::query] SHOW FULL COLUMNS FROM `users`
    in /www/rest/htdocs/controllers/UserController.php:176
2020-03-11 18:48:45 [31.180.133.104][-][-][info][yii\db\Connection::open] Opening DB connection: mysql:host=localhost;dbname=rest
    in /www/rest/htdocs/controllers/UserController.php:176
2020-03-11 18:48:45 [31.180.133.104][-][-][info][yii\db\Command::query] SELECT
    kcu.constraint_name,
    kcu.column_name,
    kcu.referenced_table_name,
    kcu.referenced_column_name
FROM information_schema.referential_constraints AS rc
JOIN information_schema.key_column_usage AS kcu ON
    (
        kcu.constraint_catalog = rc.constraint_catalog OR
        (kcu.constraint_catalog IS NULL AND rc.constraint_catalog IS NULL)
    ) AND
    kcu.constraint_schema = rc.constraint_schema AND
    kcu.constraint_name = rc.constraint_name
WHERE rc.constraint_schema = database() AND kcu.table_schema = database()
AND rc.table_name = 'users' AND kcu.table_name = 'users'
    in /www/rest/htdocs/controllers/UserController.php:176
2020-03-11 18:48:45 [31.180.133.104][-][-][info][yii\db\Command::query] SELECT * FROM `users` WHERE `email`='max_napedenin1998@mail.ru'
    in /www/rest/htdocs/controllers/UserController.php:176
2020-03-11 18:48:45 [31.180.133.104][-][-][info][yii\db\Command::execute] INSERT INTO `users` (`email`, `password`, `signup_token`) VALUES ('max_napedenin1998@mail.ru', '$2y$10$kPzqPcNT9KDiuGBnN01UMuXS9itzKlKHQRNhiQZA8fjRuygotBL8S', '5e69328d74c02')
    in /www/rest/htdocs/controllers/UserController.php:186
2020-03-11 18:48:45 [31.180.133.104][-][-][info][micro\controllers\UserController::actionSignupWeb] User registration
    in /www/rest/htdocs/controllers/UserController.php:198
2020-03-11 18:48:45 [31.180.133.104][-][-][info][yii\mail\BaseMailer::send] Sending email "Подтверждение аккаунта" to "max_napedenin1998@mail.ru"
    in /www/rest/htdocs/controllers/UserController.php:201
2020-03-11 18:48:45 [31.180.133.104][-][-][info][yii\swiftmailer\Mailer::sendMessage] Sending email "Подтверждение аккаунта" to "max_napedenin1998@mail.ru"
    in /www/rest/htdocs/controllers/UserController.php:201
2020-03-11 18:48:45 [31.180.133.104][-][-][info][application] $_GET = [
    'email' => 'nape.maxim@gmail.com'
    'password' => '1234'
]

$_POST = [
    'password' => '123'
    'email' => 'max_napedenin1998@mail.ru'
]

$_FILES = []

$_COOKIE = []

$_SERVER = [
    'USER' => 'nginx'
    'HOME' => '/var/lib/nginx'
    'HTTP_CONNECTION' => 'keep-alive'
    'HTTP_CONTENT_LENGTH' => '295'
    'HTTP_ACCEPT_ENCODING' => 'gzip, deflate, br'
    'HTTP_CONTENT_TYPE' => 'multipart/form-data; boundary=--------------------------910604634687850958029182'
    'HTTP_HOST' => 'rest.fokin-team.ru'
    'HTTP_POSTMAN_TOKEN' => '31399935-25fd-4290-991a-24e35e8e5eec'
    'HTTP_CACHE_CONTROL' => 'no-cache'
    'HTTP_ACCEPT' => '*/*'
    'HTTP_USER_AGENT' => 'PostmanRuntime/7.23.0'
    'REDIRECT_STATUS' => '200'
    'SERVER_NAME' => 'rest.fokin-team.ru'
    'SERVER_PORT' => '80'
    'SERVER_ADDR' => '45.86.180.151'
    'REMOTE_PORT' => '50767'
    'REMOTE_ADDR' => '31.180.133.104'
    'SERVER_SOFTWARE' => 'nginx/1.16.1'
    'GATEWAY_INTERFACE' => 'CGI/1.1'
    'REQUEST_SCHEME' => 'http'
    'SERVER_PROTOCOL' => 'HTTP/1.1'
    'DOCUMENT_ROOT' => '/www/rest/htdocs/web'
    'DOCUMENT_URI' => '/index.php'
    'REQUEST_URI' => '/user/signup-web?email=nape.maxim@gmail.com&password=1234'
    'SCRIPT_NAME' => '/index.php'
    'CONTENT_LENGTH' => '295'
    'CONTENT_TYPE' => 'multipart/form-data; boundary=--------------------------910604634687850958029182'
    'REQUEST_METHOD' => 'POST'
    'QUERY_STRING' => 'email=nape.maxim@gmail.com&password=1234'
    'SCRIPT_FILENAME' => '/www/rest/htdocs/web/index.php'
    'FCGI_ROLE' => 'RESPONDER'
    'PHP_SELF' => '/index.php'
    'REQUEST_TIME_FLOAT' => 1583952525.3797
    'REQUEST_TIME' => 1583952525
]
2020-03-11 18:49:02 [31.180.133.104][-][-][info][yii\filters\RateLimiter::beforeAction] Rate limit skipped: user not logged in.
2020-03-11 18:49:02 [31.180.133.104][-][-][info][yii\db\Command::query] SHOW FULL COLUMNS FROM `users`
    in /www/rest/htdocs/controllers/UserController.php:176
2020-03-11 18:49:02 [31.180.133.104][-][-][info][yii\db\Connection::open] Opening DB connection: mysql:host=localhost;dbname=rest
    in /www/rest/htdocs/controllers/UserController.php:176
2020-03-11 18:49:02 [31.180.133.104][-][-][info][yii\db\Command::query] SELECT
    kcu.constraint_name,
    kcu.column_name,
    kcu.referenced_table_name,
    kcu.referenced_column_name
FROM information_schema.referential_constraints AS rc
JOIN information_schema.key_column_usage AS kcu ON
    (
        kcu.constraint_catalog = rc.constraint_catalog OR
        (kcu.constraint_catalog IS NULL AND rc.constraint_catalog IS NULL)
    ) AND
    kcu.constraint_schema = rc.constraint_schema AND
    kcu.constraint_name = rc.constraint_name
WHERE rc.constraint_schema = database() AND kcu.table_schema = database()
AND rc.table_name = 'users' AND kcu.table_name = 'users'
    in /www/rest/htdocs/controllers/UserController.php:176
2020-03-11 18:49:02 [31.180.133.104][-][-][info][yii\db\Command::query] SELECT * FROM `users` WHERE `email`='max_napedenin1998@mail.ru'
    in /www/rest/htdocs/controllers/UserController.php:176
2020-03-11 18:49:02 [31.180.133.104][-][-][error][micro\controllers\UserController::actionSignupWeb] User exist
    in /www/rest/htdocs/controllers/UserController.php:206
2020-03-11 18:49:02 [31.180.133.104][-][-][info][application] $_GET = [
    'email' => 'nape.maxim@gmail.com'
    'password' => '1234'
]

$_POST = [
    'password' => '123'
    'email' => 'max_napedenin1998@mail.ru'
]

$_FILES = []

$_COOKIE = []

$_SERVER = [
    'USER' => 'nginx'
    'HOME' => '/var/lib/nginx'
    'HTTP_CONNECTION' => 'keep-alive'
    'HTTP_CONTENT_LENGTH' => '295'
    'HTTP_ACCEPT_ENCODING' => 'gzip, deflate, br'
    'HTTP_CONTENT_TYPE' => 'multipart/form-data; boundary=--------------------------060180013761427663627139'
    'HTTP_HOST' => 'rest.fokin-team.ru'
    'HTTP_POSTMAN_TOKEN' => '8d82bb4c-805a-418b-966f-9dc0930e6b2e'
    'HTTP_CACHE_CONTROL' => 'no-cache'
    'HTTP_ACCEPT' => '*/*'
    'HTTP_USER_AGENT' => 'PostmanRuntime/7.23.0'
    'REDIRECT_STATUS' => '200'
    'SERVER_NAME' => 'rest.fokin-team.ru'
    'SERVER_PORT' => '80'
    'SERVER_ADDR' => '45.86.180.151'
    'REMOTE_PORT' => '50767'
    'REMOTE_ADDR' => '31.180.133.104'
    'SERVER_SOFTWARE' => 'nginx/1.16.1'
    'GATEWAY_INTERFACE' => 'CGI/1.1'
    'REQUEST_SCHEME' => 'http'
    'SERVER_PROTOCOL' => 'HTTP/1.1'
    'DOCUMENT_ROOT' => '/www/rest/htdocs/web'
    'DOCUMENT_URI' => '/index.php'
    'REQUEST_URI' => '/user/signup-web?email=nape.maxim@gmail.com&password=1234'
    'SCRIPT_NAME' => '/index.php'
    'CONTENT_LENGTH' => '295'
    'CONTENT_TYPE' => 'multipart/form-data; boundary=--------------------------060180013761427663627139'
    'REQUEST_METHOD' => 'POST'
    'QUERY_STRING' => 'email=nape.maxim@gmail.com&password=1234'
    'SCRIPT_FILENAME' => '/www/rest/htdocs/web/index.php'
    'FCGI_ROLE' => 'RESPONDER'
    'PHP_SELF' => '/index.php'
    'REQUEST_TIME_FLOAT' => 1583952542.4747
    'REQUEST_TIME' => 1583952542
]
2020-03-11 18:49:39 [31.180.133.104][-][-][info][yii\filters\RateLimiter::beforeAction] Rate limit skipped: user not logged in.
2020-03-11 18:49:39 [31.180.133.104][-][-][info][yii\db\Command::query] SHOW FULL COLUMNS FROM `users`
    in /www/rest/htdocs/controllers/UserController.php:176
2020-03-11 18:49:39 [31.180.133.104][-][-][info][yii\db\Connection::open] Opening DB connection: mysql:host=localhost;dbname=rest
    in /www/rest/htdocs/controllers/UserController.php:176
2020-03-11 18:49:39 [31.180.133.104][-][-][info][yii\db\Command::query] SELECT
    kcu.constraint_name,
    kcu.column_name,
    kcu.referenced_table_name,
    kcu.referenced_column_name
FROM information_schema.referential_constraints AS rc
JOIN information_schema.key_column_usage AS kcu ON
    (
        kcu.constraint_catalog = rc.constraint_catalog OR
        (kcu.constraint_catalog IS NULL AND rc.constraint_catalog IS NULL)
    ) AND
    kcu.constraint_schema = rc.constraint_schema AND
    kcu.constraint_name = rc.constraint_name
WHERE rc.constraint_schema = database() AND kcu.table_schema = database()
AND rc.table_name = 'users' AND kcu.table_name = 'users'
    in /www/rest/htdocs/controllers/UserController.php:176
2020-03-11 18:49:39 [31.180.133.104][-][-][info][yii\db\Command::query] SELECT * FROM `users` WHERE `email`='max_napedenin1998@mail.ru'
    in /www/rest/htdocs/controllers/UserController.php:176
2020-03-11 18:49:39 [31.180.133.104][-][-][error][micro\controllers\UserController::actionSignupWeb] User exist
    in /www/rest/htdocs/controllers/UserController.php:206
2020-03-11 18:49:39 [31.180.133.104][-][-][info][application] $_GET = [
    'email' => 'ghettogopnik1703@gmail.com'
    'password' => '1234'
]

$_POST = [
    'password' => '123'
    'email' => 'max_napedenin1998@mail.ru'
]

$_FILES = []

$_COOKIE = []

$_SERVER = [
    'USER' => 'nginx'
    'HOME' => '/var/lib/nginx'
    'HTTP_CONNECTION' => 'keep-alive'
    'HTTP_CONTENT_LENGTH' => '295'
    'HTTP_ACCEPT_ENCODING' => 'gzip, deflate, br'
    'HTTP_CONTENT_TYPE' => 'multipart/form-data; boundary=--------------------------640399091216188893271773'
    'HTTP_HOST' => 'rest.fokin-team.ru'
    'HTTP_POSTMAN_TOKEN' => 'b72c7398-4a2e-49ac-96da-2d20049f8796'
    'HTTP_CACHE_CONTROL' => 'no-cache'
    'HTTP_ACCEPT' => '*/*'
    'HTTP_USER_AGENT' => 'PostmanRuntime/7.23.0'
    'REDIRECT_STATUS' => '200'
    'SERVER_NAME' => 'rest.fokin-team.ru'
    'SERVER_PORT' => '80'
    'SERVER_ADDR' => '45.86.180.151'
    'REMOTE_PORT' => '50767'
    'REMOTE_ADDR' => '31.180.133.104'
    'SERVER_SOFTWARE' => 'nginx/1.16.1'
    'GATEWAY_INTERFACE' => 'CGI/1.1'
    'REQUEST_SCHEME' => 'http'
    'SERVER_PROTOCOL' => 'HTTP/1.1'
    'DOCUMENT_ROOT' => '/www/rest/htdocs/web'
    'DOCUMENT_URI' => '/index.php'
    'REQUEST_URI' => '/user/signup-web?email=ghettogopnik1703@gmail.com&password=1234'
    'SCRIPT_NAME' => '/index.php'
    'CONTENT_LENGTH' => '295'
    'CONTENT_TYPE' => 'multipart/form-data; boundary=--------------------------640399091216188893271773'
    'REQUEST_METHOD' => 'POST'
    'QUERY_STRING' => 'email=ghettogopnik1703@gmail.com&password=1234'
    'SCRIPT_FILENAME' => '/www/rest/htdocs/web/index.php'
    'FCGI_ROLE' => 'RESPONDER'
    'PHP_SELF' => '/index.php'
    'REQUEST_TIME_FLOAT' => 1583952579.5881
    'REQUEST_TIME' => 1583952579
]
2020-03-11 18:50:57 [31.180.133.104][-][-][info][yii\filters\RateLimiter::beforeAction] Rate limit skipped: user not logged in.
2020-03-11 18:50:57 [31.180.133.104][-][-][info][yii\db\Command::query] SHOW FULL COLUMNS FROM `users`
    in /www/rest/htdocs/controllers/UserController.php:176
2020-03-11 18:50:57 [31.180.133.104][-][-][info][yii\db\Connection::open] Opening DB connection: mysql:host=localhost;dbname=rest
    in /www/rest/htdocs/controllers/UserController.php:176
2020-03-11 18:50:57 [31.180.133.104][-][-][info][yii\db\Command::query] SELECT
    kcu.constraint_name,
    kcu.column_name,
    kcu.referenced_table_name,
    kcu.referenced_column_name
FROM information_schema.referential_constraints AS rc
JOIN information_schema.key_column_usage AS kcu ON
    (
        kcu.constraint_catalog = rc.constraint_catalog OR
        (kcu.constraint_catalog IS NULL AND rc.constraint_catalog IS NULL)
    ) AND
    kcu.constraint_schema = rc.constraint_schema AND
    kcu.constraint_name = rc.constraint_name
WHERE rc.constraint_schema = database() AND kcu.table_schema = database()
AND rc.table_name = 'users' AND kcu.table_name = 'users'
    in /www/rest/htdocs/controllers/UserController.php:176
2020-03-11 18:50:57 [31.180.133.104][-][-][info][yii\db\Command::query] SELECT * FROM `users` WHERE `email`='ghettogopnik1703@gmail.com'
    in /www/rest/htdocs/controllers/UserController.php:176
2020-03-11 18:50:57 [31.180.133.104][-][-][info][yii\db\Command::execute] INSERT INTO `users` (`email`, `password`, `signup_token`) VALUES ('ghettogopnik1703@gmail.com', '$2y$10$qTFdpS6uFIaCdNHaHB.A1u67csWT4EGrDrtY0JGxon.v8TmH.Ik.2', '5e6933119a30a')
    in /www/rest/htdocs/controllers/UserController.php:186
2020-03-11 18:50:57 [31.180.133.104][-][-][info][micro\controllers\UserController::actionSignupWeb] User registration
    in /www/rest/htdocs/controllers/UserController.php:198
2020-03-11 18:50:57 [31.180.133.104][-][-][info][yii\mail\BaseMailer::send] Sending email "Подтверждение аккаунта" to "ghettogopnik1703@gmail.com"
    in /www/rest/htdocs/controllers/UserController.php:201
2020-03-11 18:50:57 [31.180.133.104][-][-][info][yii\swiftmailer\Mailer::sendMessage] Sending email "Подтверждение аккаунта" to "ghettogopnik1703@gmail.com"
    in /www/rest/htdocs/controllers/UserController.php:201
2020-03-11 18:50:57 [31.180.133.104][-][-][info][application] $_GET = [
    'email' => 'ghettogopnik1703@gmail.com'
    'password' => '1234'
]

$_POST = [
    'password' => '123'
    'email' => 'ghettogopnik1703@gmail.com'
]

$_FILES = []

$_COOKIE = []

$_SERVER = [
    'USER' => 'nginx'
    'HOME' => '/var/lib/nginx'
    'HTTP_CONNECTION' => 'keep-alive'
    'HTTP_CONTENT_LENGTH' => '296'
    'HTTP_ACCEPT_ENCODING' => 'gzip, deflate, br'
    'HTTP_CONTENT_TYPE' => 'multipart/form-data; boundary=--------------------------938230290962764085620907'
    'HTTP_HOST' => 'rest.fokin-team.ru'
    'HTTP_POSTMAN_TOKEN' => 'c207dc92-0e02-4745-915e-c9b8d7e31e2e'
    'HTTP_CACHE_CONTROL' => 'no-cache'
    'HTTP_ACCEPT' => '*/*'
    'HTTP_USER_AGENT' => 'PostmanRuntime/7.23.0'
    'REDIRECT_STATUS' => '200'
    'SERVER_NAME' => 'rest.fokin-team.ru'
    'SERVER_PORT' => '80'
    'SERVER_ADDR' => '45.86.180.151'
    'REMOTE_PORT' => '50792'
    'REMOTE_ADDR' => '31.180.133.104'
    'SERVER_SOFTWARE' => 'nginx/1.16.1'
    'GATEWAY_INTERFACE' => 'CGI/1.1'
    'REQUEST_SCHEME' => 'http'
    'SERVER_PROTOCOL' => 'HTTP/1.1'
    'DOCUMENT_ROOT' => '/www/rest/htdocs/web'
    'DOCUMENT_URI' => '/index.php'
    'REQUEST_URI' => '/user/signup-web?email=ghettogopnik1703@gmail.com&password=1234'
    'SCRIPT_NAME' => '/index.php'
    'CONTENT_LENGTH' => '296'
    'CONTENT_TYPE' => 'multipart/form-data; boundary=--------------------------938230290962764085620907'
    'REQUEST_METHOD' => 'POST'
    'QUERY_STRING' => 'email=ghettogopnik1703@gmail.com&password=1234'
    'SCRIPT_FILENAME' => '/www/rest/htdocs/web/index.php'
    'FCGI_ROLE' => 'RESPONDER'
    'PHP_SELF' => '/index.php'
    'REQUEST_TIME_FLOAT' => 1583952657.5319
    'REQUEST_TIME' => 1583952657
]
